<?xml version="1.0" encoding="UTF-8"?>
<!-- Generated by org.testng.reporters.JUnitReportReporter -->
<testsuite skipped="0" hostname="DESKTOP-VVL9I9Q" name="test.AddCustomerTest" tests="1" failures="0" timestamp="2020-12-14T18:50:26 CST" time="14.850" errors="0">
  <testcase name="userShouldBeAbleToCreateNewCustomer" time="14.850" classname="test.AddCustomerTest"/>
  <system-out/>
</testsuite> <!-- test.AddCustomerTest -->
