<?xml version="1.0" encoding="UTF-8"?>
<!-- Generated by org.testng.reporters.JUnitReportReporter -->
<testsuite skipped="0" hostname="DESKTOP-VVL9I9Q" name="test.LoginTest" tests="1" failures="0" timestamp="2020-12-14T18:49:27 CST" time="9.141" errors="0">
  <testcase name="validUserShouldBeAbleToLogin" time="9.141" classname="test.LoginTest"/>
  <system-out/>
</testsuite> <!-- test.LoginTest -->
